Base path: '/Applications/Unity/Hub/Editor/2019.4.4f1/Unity.app/Contents', plugins path '/Applications/Unity/Hub/Editor/2019.4.4f1/PlaybackEngines'
Cmd: initializeCompiler
Cmd: compileComputeKernel
  api=4 insize=18731 outsize=8518 ok=1
Cmd: compileComputeKernel
  api=4 insize=18731 outsize=8873 ok=1
Cmd: compileComputeKernel
  api=4 insize=18731 outsize=10507 ok=1
Cmd: translateComputeKernel
  api=14 insize=1199 outsize=1303 ok=1
Cmd: compileComputeKernel
  api=14 insize=5032 outsize=10966 ok=1
Cmd: translateComputeKernel
  api=14 insize=11222 outsize=18583 ok=1
Cmd: compileComputeKernel
  api=4 insize=11176 outsize=10429 ok=1
Cmd: compileComputeKernel
  api=14 insize=2120 outsize=1477 ok=1
Cmd: translateComputeKernel
  api=14 insize=1472 outsize=2318 ok=1
Cmd: compileComputeKernel
  api=4 insize=3174 outsize=375 ok=1
Cmd: compileComputeKernel
  api=14 insize=5591 outsize=6993 ok=1
Cmd: translateComputeKernel
  api=14 insize=6993 outsize=13526 ok=1
Cmd: compileSnippet
  api=14 type=1 insize=2295 outsize=1050 kw= pd=UNITY_ENABLE_REFLECTION_BUFFERS UNITY_USE_DITHER_MASK_FOR_ALPHABLENDED_SHADOWS UNITY_PBS_USE_BRDF1 UNITY_SPECCUBE_BOX_PROJECTION UNITY_SPECCUBE_BLENDING UNITY_ENABLE_DETAIL_NORMALMAP SHADER_API_DESKTOP UNITY_COLORSPACE_GAMMA UNITY_LIGHT_PROBE_PROXY_VOLUME UNITY_LIGHTMAP_FULL_HDR ok=1

Quitting shader compiler process
