Base path: '/Applications/Unity/Hub/Editor/2019.4.4f1/Unity.app/Contents', plugins path '/Applications/Unity/Hub/Editor/2019.4.4f1/PlaybackEngines'
Cmd: initializeCompiler
Cmd: compileComputeKernel
  api=14 insize=18731 outsize=9678 ok=1
Cmd: compileComputeKernel
  api=4 insize=18731 outsize=8738 ok=1
Cmd: compileComputeKernel
  api=4 insize=18731 outsize=10338 ok=1
Cmd: compileComputeKernel
  api=14 insize=5032 outsize=5525 ok=1
Cmd: translateComputeKernel
  api=14 insize=5781 outsize=8380 ok=1
Cmd: compileComputeKernel
  api=14 insize=3158 outsize=48467 ok=1
Cmd: compileComputeKernel
  api=4 insize=11176 outsize=10585 ok=1
Cmd: translateComputeKernel
  api=14 insize=11445 outsize=22649 ok=1
Cmd: translateComputeKernel
  api=14 insize=876 outsize=807 ok=1

Quitting shader compiler process
